
  ___  ____  ____  ____  ____ ®
 /__    /   ____/   /   ____/      18.0
___/   /   /___/   /   /___/       MP—Parallel Edition

 Statistics and Data Science       Copyright 1985-2023 StataCorp LLC
                                   StataCorp
                                   4905 Lakeway Drive
                                   College Station, Texas 77845 USA
                                   800-STATA-PC        https://www.stata.com
                                   979-696-4600        stata@stata.com

Stata license: Single-user 2-core  perpetual
Serial number: 501806337221
  Licensed to: Anil Shrestha
               NSO

Notes:
      1. Stata is running in batch mode.
      2. Unicode is supported; see help unicode_advice.
      3. More than 2 billion observations are allowed; see help obs_advice.
      4. Maximum number of variables is set to 5,000 but can be increased;
          see help set_maxvar.

. do weighted_population.do 

. *****************************************************************************
> ***
. * File: weighted_population.do
. * Purpose: Estimate the weighted numbers of households and individuals in
. *          poverty.dta and export reproducible results.
. * Software: Stata 18 (the commands also use standard syntax from earlier vers
> ions).
. *****************************************************************************
> ***
. 
. version 18.0                         // Make Stata use version 18 command beh
> avior.

. clear all                            // Remove any data and stored objects fr
> om memory.

. set more off                         // Prevent output from pausing in batch 
> execution.

. capture log close _all               // Close any user-opened logs without st
> opping on error.

. 
. use "poverty.dta", clear             // Load the household-level analysis dat
> aset.
(NLSS04_DICT)

. 
. describe psu_number hh_number hhsize hhs_wt ind_wt // Document IDs, size, and
>  weights.

Variable      Storage   Display    Value
    name         type    format    label      Variable label
-------------------------------------------------------------------------------
psu_number      int     %4.0f                 PSU NUMBER
hh_number       byte    %2.0f                 HH NUMBER
hhsize          byte    %9.0g                 Household size
hhs_wt          float   %9.0g                 base household weight (adjusted
                                                for census 2021 final count of
                                                Households)
ind_wt          float   %9.0g                 base individual weight (base
                                                adjusted hh weight x household
                                                size)

. isid psu_number hh_number            // Confirm that one observation represen
> ts one household.

. assert !missing(hhsize, hhs_wt, ind_wt) // Require all inputs used in the tot
> als to be present.

. assert hhsize >= 1                   // A sampled household must contain at l
> east one person.

. assert hhs_wt > 0 & ind_wt > 0       // Expansion weights must be strictly po
> sitive.

. 
. * ind_wt should equal the household expansion factor multiplied by household 
> size.
. * The relative tolerance allows for harmless storage rounding in float variab
> les.
. generate double expected_ind_wt = hhs_wt * hhsize

. assert abs(ind_wt - expected_ind_wt) <= 1e-6 * max(1, expected_ind_wt)

. drop expected_ind_wt                 // Remove the temporary validation varia
> ble.

. 
. * Define a reusable estimator. It sums an expansion weight by applying it as 
> a
. * probability weight to a variable equal to one. The returned scalar r(total)
. * is therefore the estimated population represented by the current observatio
> ns.
. capture program drop expansion_total // Allow the do-file to be rerun in one 
> Stata session.

. program define expansion_total, rclass
  1.     syntax varname(numeric) [if] [in] // Accept a numeric weight plus opti
> onal restrictions.
  2.     marksample touse                  // Mark observations satisfying if/i
> n and nonmissing inputs.
  3.     tempvar one                       // Reserve a collision-free name for
>  a temporary variable.
  4.     quietly generate byte `one' = 1 if `touse' // Give every included reco
> rd a value of one.
  5.     quietly total `one' [pweight=`varlist'] if `touse' // Estimate the exp
> anded count.
  6.     return scalar total = el(e(b), 1, 1) // Return the point estimate to t
> he caller.
  7.     quietly count if `touse'          // Count the contributing sample obs
> ervations.
  8.     return scalar sample_n = r(N)     // Return that unweighted sample cou
> nt as a check.
  9. end

. 
. expansion_total hhs_wt               // Expand household records to all house
> holds.

. scalar weighted_households = r(total) // Store the weighted household populat
> ion.

. scalar sample_households = r(sample_n) // Store the unweighted household samp
> le size.

. 
. expansion_total ind_wt               // Expand household sizes to all individ
> uals.

. scalar weighted_individuals = r(total) // Store the weighted individual popul
> ation.

. scalar mean_household_size = weighted_individuals / weighted_households // Im
> plied mean size.

. 
. display as text "Weighted households: " as result %15.0fc weighted_households
Weighted households:       7,185,103

. display as text "Weighted individuals: " as result %15.0fc weighted_individua
> ls
Weighted individuals:      28,740,504

. display as text "Implied persons per household: " as result %9.3f mean_househ
> old_size
Implied persons per household:     4.000

. display as text "Unweighted sampled households: " as result %12.0f sample_hou
> seholds
Unweighted sampled households:         9600

. 
. * Create a machine-readable table containing the overall results.
. preserve                              // Keep the microdata available after t
> his export block.

. clear                                // Start a small results dataset in memo
> ry.

. set obs 2                             // Allocate one row for each target pop
> ulation.
Number of observations (_N) was 0, now 2.

. generate str20 population = ""       // Create a label describing the populat
> ion type.
(2 missing values generated)

. replace population = "Households" in 1 // Label the household estimate.
(1 real change made)

. replace population = "Individuals" in 2 // Label the individual estimate.
(1 real change made)

. generate double weighted_total = .   // Create the numeric estimate field.
(2 missing values generated)

. replace weighted_total = scalar(weighted_households) in 1 // Insert household
>  total.
(1 real change made)

. replace weighted_total = scalar(weighted_individuals) in 2 // Insert individu
> al total.
(1 real change made)

. generate long sample_households = scalar(sample_households) // Record common 
> sample base.

. format weighted_total %15.0fc         // Display totals with separators and n
> o decimals.

. export delimited using "weighted_population_results.csv", replace // Write ov
> erall CSV.
(file weighted_population_results.csv not found)
file weighted_population_results.csv saved

. restore                               // Restore the original household micro
> data.

. 
. * Produce diagnostic breakdowns. These sum the same weights within mutually
. * exclusive groups, so their totals should reconcile to the national estimate
> s.
. table prov, statistic(sum hhs_wt) statistic(sum ind_wt) nformat(%15.0fc)

----------------------------------------------------------------------------------------------------------------------------------------------------------------
               |  base household weight (adjusted for census 2021 final count of Households)   base individual weight (base adjusted hh weight x household size)
---------------+------------------------------------------------------------------------------------------------------------------------------------------------
Province       |                                                                                                                                                
  Koshi        |                                                                   1,216,891                                                           4,675,310
  Madhesh      |                                                                   1,347,877                                                           6,486,147
  Bagmati      |                                                                   1,622,908                                                           5,869,481
  Gandaki      |                                                                     695,063                                                           2,396,728
  Lumbini      |                                                                   1,354,403                                                           5,447,377
  Karnali      |                                                                     372,795                                                           1,473,115
  Sudurpaschim |                                                                     575,165                                                           2,392,344
  Total        |                                                                   7,185,103                                                          28,740,504
----------------------------------------------------------------------------------------------------------------------------------------------------------------

. table ad_4, statistic(sum hhs_wt) statistic(sum ind_wt) nformat(%15.0fc)

-----------------------------------------------------------------------------------------------------------------------------------------------------------------------
                      |  base household weight (adjusted for census 2021 final count of Households)   base individual weight (base adjusted hh weight x household size)
----------------------+------------------------------------------------------------------------------------------------------------------------------------------------
Urban/rural/ktm_urban |                                                                                                                                                
  Kathmandu           |                                                                     845,255                                                           3,091,107
  Other urban         |                                                                   4,178,550                                                          16,875,469
  Rural               |                                                                   2,161,298                                                           8,773,927
  Total               |                                                                   7,185,103                                                          28,740,504
-----------------------------------------------------------------------------------------------------------------------------------------------------------------------

. 
. * Export province totals with value labels rendered as readable text.
. preserve                              // Protect the original microdata.

. collapse (sum) hhs_wt ind_wt, by(prov) // Sum both expansion weights within p
> rovince.

. decode prov, generate(province)       // Convert numeric province codes to th
> eir labels.

. rename hhs_wt weighted_households     // Give the exported field an explicit 
> name.

. rename ind_wt weighted_individuals    // Give the exported field an explicit 
> name.

. order prov province weighted_households weighted_individuals // Arrange CSV c
> olumns.

. export delimited using "weighted_population_by_province.csv", replace // Expo
> rt table.
(file weighted_population_by_province.csv not found)
file weighted_population_by_province.csv saved

. restore                               // Return to the household microdata.

. 
. * Export residence totals with value labels rendered as readable text.
. preserve                              // Protect the original microdata.

. collapse (sum) hhs_wt ind_wt, by(ad_4) // Sum both expansion weights by resid
> ence group.

. decode ad_4, generate(residence)      // Convert numeric residence codes to t
> heir labels.

. rename hhs_wt weighted_households     // Give the exported field an explicit 
> name.

. rename ind_wt weighted_individuals    // Give the exported field an explicit 
> name.

. order ad_4 residence weighted_households weighted_individuals // Arrange CSV 
> columns.

. export delimited using "weighted_population_by_residence.csv", replace // Exp
> ort table.
(file weighted_population_by_residence.csv not found)
file weighted_population_by_residence.csv saved

. restore                               // Return to the household microdata.

. 
. exit, clear                           // End batch Stata and release the data
> set.

end of do-file
